<?xml version="1.0" encoding="UTF-8"?>
<!-- Generated by org.testng.reporters.JUnitReportReporter -->
<testsuite skipped="0" hostname="DESKTOP-N308L1J" name="variousConcepts.CrmTest" tests="1" failures="0" timestamp="10 Dec 2022 19:53:24 GMT" time="9.961" errors="0">
  <testcase name="addCustomerTest" time="9.961" classname="variousConcepts.CrmTest"/>
</testsuite> <!-- variousConcepts.CrmTest -->
